<?xml version="1.0" encoding="UTF-8"?>
<testsuite xmlns:xsi="http://www.w3.org/2001/XMLSchema-instance" xsi:noNamespaceSchemaLocation="https://maven.apache.org/surefire/maven-surefire-plugin/xsd/surefire-test-report.xsd" name="com.zez.store.StoreTest" time="0.057" tests="8" errors="0" skipped="0" failures="0">
  <properties>
[...]
</properties>
  <testcase name="shouldHandleInvalidQuantity" classname="com.zez.store.StoreTest" time="0.026"/>
  <testcase name="shouldProcessNormalOrderWithoutDiscounts" classname="com.zez.store.StoreTest" time="0"/>
  <testcase name="shouldApplyBothDiscounts" classname="com.zez.store.StoreTest" time="0.001"/>
  <testcase name="shouldHandleNullOrder" classname="com.zez.store.StoreTest" time="0.002"/>
  <testcase name="shouldApplyVIPDiscount" classname="com.zez.store.StoreTest" time="0.003"/>
  <testcase name="shouldApplyQuantityDiscount" classname="com.zez.store.StoreTest" time="0.001"/>
  <testcase name="shouldHandleEmptyOrder" classname="com.zez.store.StoreTest" time="0"/>
  <testcase name="shouldAdjustQuantityToAvailableStock" classname="com.zez.store.StoreTest" time="0.001"/>
</testsuite>